05-26-22 03:36:18 INFO   Starting
05-26-22 03:36:31 INFO   Configuring stream compare
05-26-22 03:36:34 INFO   Stop continous acquire for lc-input
05-26-22 03:36:34 INFO   Stop continous acquire for lc-ASIC
05-26-22 03:36:34 INFO   Stop continous acquire for lc-emulator
05-26-22 03:36:34 INFO   Configure continous acquire
05-26-22 03:36:34 INFO   Starting stream compare (CTRL-C to stop and do capture and I2C compare)
05-26-22 03:36:34 INFO   Stream compare, word count 19239, error count 0
05-26-22 03:36:35 INFO   Stream compare, word count 40105344, error count 0
05-26-22 03:36:36 INFO   Stream compare, word count 80190927, error count 0
05-26-22 03:36:37 INFO   Stream compare, word count 120277362, error count 0
05-26-22 03:36:38 INFO   Stream compare, word count 160367638, error count 0
05-26-22 03:36:39 INFO   Stream compare, word count 200454194, error count 0
05-26-22 03:36:40 INFO   Stream compare, word count 240549375, error count 0
05-26-22 03:36:41 INFO   Stream compare, word count 280637459, error count 0
05-26-22 03:36:42 INFO   Stream compare, word count 320722500, error count 0
05-26-22 03:36:43 INFO   Stream compare, word count 360808143, error count 0
05-26-22 03:36:44 INFO   Stream compare, word count 400893344, error count 0
05-26-22 03:36:45 INFO   Stream compare, word count 440969432, error count 0
05-26-22 03:36:46 INFO   Stream compare, word count 481061527, error count 0
05-26-22 03:36:47 INFO   Stream compare, word count 521151192, error count 1
05-26-22 03:36:48 INFO   Stream compare, word count 561241220, error count 1
05-26-22 03:36:49 INFO   Stream compare, word count 601326990, error count 1
05-26-22 03:36:50 INFO   Stream compare, word count 641411654, error count 1
05-26-22 03:36:51 INFO   Stream compare, word count 681498203, error count 1
05-26-22 03:36:52 INFO   Stream compare, word count 721590882, error count 1
05-26-22 03:36:53 INFO   Stream compare, word count 761679933, error count 1
05-26-22 03:36:54 INFO   Stream compare, word count 801768860, error count 2
05-26-22 03:36:55 INFO   Stream compare, word count 841857131, error count 2
05-26-22 03:36:56 INFO   Stream compare, word count 881931833, error count 2
05-26-22 03:36:57 INFO   Stream compare, word count 922018658, error count 3
05-26-22 03:36:58 INFO   Stream compare, word count 962094654, error count 3
05-26-22 03:36:59 INFO   Stream compare, word count 1002186496, error count 3
05-26-22 03:37:00 INFO   Stream compare, word count 1042252352, error count 3
05-26-22 03:37:01 INFO   Stream compare, word count 1082337387, error count 3
05-26-22 03:37:02 INFO   Stream compare, word count 1122424222, error count 3
05-26-22 03:37:03 INFO   Stream compare, word count 1162509714, error count 3
05-26-22 03:37:04 INFO   Stream compare, word count 1202604897, error count 3
05-26-22 03:37:05 INFO   Stream compare, word count 1242696314, error count 3
05-26-22 03:37:06 INFO   Stream compare, word count 1282784879, error count 3
05-26-22 03:37:07 INFO   Stream compare, word count 1322872033, error count 3
05-26-22 03:37:08 INFO   Stream compare, word count 1362966045, error count 3
05-26-22 03:37:09 INFO   Stream compare, word count 1403054275, error count 3
05-26-22 03:37:10 INFO   Stream compare, word count 1443144330, error count 3
05-26-22 03:37:11 INFO   Stream compare, word count 1483230083, error count 3
05-26-22 03:37:12 INFO   Stream compare, word count 1523316524, error count 3
05-26-22 03:37:13 INFO   Stream compare, word count 1563402261, error count 3
05-26-22 03:37:14 INFO   Stream compare, word count 1603488095, error count 4
05-26-22 03:37:15 INFO   Stream compare, word count 1643586073, error count 5
05-26-22 03:37:16 INFO   Stream compare, word count 1683673077, error count 5
05-26-22 03:37:17 INFO   Stream compare, word count 1723763071, error count 5
05-26-22 03:37:18 INFO   Stream compare, word count 1763853306, error count 6
05-26-22 03:37:19 INFO   Stream compare, word count 1803941000, error count 6
05-26-22 03:37:20 INFO   Stream compare, word count 1844027311, error count 6
05-26-22 03:37:21 INFO   Stream compare, word count 1884119344, error count 6
05-26-22 03:37:22 INFO   Stream compare, word count 1924209380, error count 6
05-26-22 03:37:23 INFO   Stream compare, word count 1964297588, error count 6
05-26-22 03:37:24 INFO   Stream compare, word count 2004387378, error count 6
05-26-22 03:37:25 INFO   Stream compare, word count 2044479312, error count 6
05-26-22 03:37:26 INFO   Stream compare, word count 2084566207, error count 7
05-26-22 03:37:27 INFO   Stream compare, word count 2124662106, error count 7
05-26-22 03:37:28 INFO   Stream compare, word count 2164756109, error count 7
05-26-22 03:37:29 INFO   Stream compare, word count 2204816304, error count 7
05-26-22 03:37:30 INFO   Stream compare, word count 2244903152, error count 7
05-26-22 03:37:31 INFO   Stream compare, word count 2284988129, error count 7
05-26-22 03:37:32 INFO   Stream compare, word count 2325074032, error count 7
05-26-22 03:37:33 INFO   Stream compare, word count 2365168154, error count 7
05-26-22 03:37:34 INFO   Stream compare, word count 2405256197, error count 7
05-26-22 03:37:35 INFO   Stream compare, word count 2445348836, error count 7
05-26-22 03:37:36 INFO   Stream compare, word count 2485433921, error count 8
05-26-22 03:37:37 INFO   Stream compare, word count 2525522027, error count 9
05-26-22 03:37:38 INFO   Stream compare, word count 2565614703, error count 9
05-26-22 03:37:39 INFO   Stream compare, word count 2605710205, error count 9
05-26-22 03:37:40 INFO   Stream compare, word count 2645778139, error count 9
05-26-22 03:37:41 INFO   Stream compare, word count 2685862854, error count 9
05-26-22 03:37:42 INFO   Stream compare, word count 2725949476, error count 9
05-26-22 03:37:43 INFO   Stream compare, word count 2766035762, error count 9
05-26-22 03:37:44 INFO   Stream compare, word count 2806121933, error count 9
05-26-22 03:37:45 INFO   Stream compare, word count 2846216517, error count 9
05-26-22 03:37:46 INFO   Stream compare, word count 2886306200, error count 9
05-26-22 03:37:47 INFO   Stream compare, word count 2926393524, error count 9
05-26-22 03:37:48 INFO   Stream compare, word count 2966484649, error count 10
05-26-22 03:37:49 INFO   Stream compare, word count 3006571536, error count 10
05-26-22 03:37:50 INFO   Stream compare, word count 3046658563, error count 10
05-26-22 03:37:51 INFO   Stream compare, word count 3086740644, error count 10
05-26-22 03:37:52 INFO   Stream compare, word count 3126829195, error count 10
05-26-22 03:37:53 INFO   Stream compare, word count 3166913687, error count 10
05-26-22 03:37:54 INFO   Stream compare, word count 3206998484, error count 10
05-26-22 03:37:55 INFO   Stream compare, word count 3247087058, error count 10
05-26-22 03:37:56 INFO   Stream compare, word count 3287175282, error count 10
05-26-22 03:37:57 INFO   Stream compare, word count 3327270001, error count 11
05-26-22 03:37:58 INFO   Stream compare, word count 3367364223, error count 11
05-26-22 03:37:59 INFO   Stream compare, word count 3407454804, error count 13
05-26-22 03:38:00 INFO   Stream compare, word count 3447541600, error count 14
05-26-22 03:38:01 INFO   Stream compare, word count 3487627722, error count 14
05-26-22 03:38:02 INFO   Stream compare, word count 3527701599, error count 14
05-26-22 03:38:03 INFO   Stream compare, word count 3567795084, error count 14
05-26-22 03:38:04 INFO   Stream compare, word count 3607882459, error count 14
05-26-22 03:38:05 INFO   Stream compare, word count 3647970086, error count 14
05-26-22 03:38:06 INFO   Stream compare, word count 3688055270, error count 14
05-26-22 03:38:07 INFO   Stream compare, word count 3728144086, error count 14
05-26-22 03:38:08 INFO   Stream compare, word count 3768234708, error count 14
05-26-22 03:38:09 INFO   Stream compare, word count 3808328017, error count 14
05-26-22 03:38:10 INFO   Stream compare, word count 3848416415, error count 14
05-26-22 03:38:11 INFO   Stream compare, word count 3888503072, error count 14
05-26-22 03:38:12 INFO   Stream compare, word count 3928587577, error count 14
05-26-22 03:38:13 INFO   Stream compare, word count 3968662964, error count 14
05-26-22 03:38:14 INFO   Stream compare, word count 4008750963, error count 14
05-26-22 03:38:15 INFO   Stream compare, word count 4048846989, error count 15
05-26-22 03:38:16 INFO   Stream compare, word count 4088935307, error count 15
05-26-22 03:38:17 INFO   Stream compare, word count 4129022082, error count 15
05-26-22 03:38:18 INFO   Stream compare, word count 4169113825, error count 15
05-26-22 03:38:19 INFO   Stream compare, word count 4209201295, error count 15
05-26-22 03:38:20 INFO   Stream compare, word count 4249285713, error count 15
05-26-22 03:38:21 INFO   Stream compare, word count 4289378818, error count 15
05-26-22 03:38:22 INFO   Stream compare, word count 34502732, error count 15
05-26-22 03:38:23 INFO   Stream compare, word count 74592275, error count 15
05-26-22 03:38:24 INFO   Stream compare, word count 114657235, error count 15
05-26-22 03:38:25 INFO   Stream compare, word count 154744821, error count 15
05-26-22 03:38:26 INFO   Stream compare, word count 194831511, error count 15
05-26-22 03:38:27 INFO   Stream compare, word count 234927098, error count 16
05-26-22 03:38:28 INFO   Stream compare, word count 275021539, error count 16
05-26-22 03:38:29 INFO   Stream compare, word count 315107007, error count 16
05-26-22 03:38:30 INFO   Stream compare, word count 355196142, error count 16
05-26-22 03:38:31 INFO   Stream compare, word count 395285042, error count 16
05-26-22 03:38:32 INFO   Stream compare, word count 435370414, error count 16
05-26-22 03:38:33 INFO   Stream compare, word count 475463854, error count 17
05-26-22 03:38:34 INFO   Stream compare, word count 515551543, error count 17
05-26-22 03:38:35 INFO   Stream compare, word count 555618777, error count 17
05-26-22 03:38:36 INFO   Stream compare, word count 595704727, error count 17
05-26-22 03:38:37 INFO   Stream compare, word count 635791646, error count 17
05-26-22 03:38:38 INFO   Stream compare, word count 675882288, error count 17
05-26-22 03:38:39 INFO   Stream compare, word count 715975918, error count 17
05-26-22 03:38:40 INFO   Stream compare, word count 756063115, error count 17
05-26-22 03:38:41 INFO   Stream compare, word count 796148996, error count 17
05-26-22 03:38:42 INFO   Stream compare, word count 836234442, error count 17
05-26-22 03:38:43 INFO   Stream compare, word count 876319720, error count 17
05-26-22 03:38:44 INFO   Stream compare, word count 916403671, error count 17
05-26-22 03:38:45 INFO   Stream compare, word count 956499600, error count 17
05-26-22 03:38:46 INFO   Stream compare, word count 996581399, error count 17
05-26-22 03:38:47 INFO   Stream compare, word count 1036670336, error count 17
05-26-22 03:38:48 INFO   Stream compare, word count 1076760875, error count 17
05-26-22 03:38:49 INFO   Stream compare, word count 1116846916, error count 18
05-26-22 03:38:50 INFO   Stream compare, word count 1156932251, error count 18
05-26-22 03:38:51 INFO   Stream compare, word count 1197026228, error count 18
05-26-22 03:38:52 INFO   Stream compare, word count 1237115367, error count 18
05-26-22 03:38:53 INFO   Stream compare, word count 1277200605, error count 18
05-26-22 03:38:54 INFO   Stream compare, word count 1317286517, error count 18
05-26-22 03:38:55 INFO   Stream compare, word count 1357374624, error count 18
05-26-22 03:38:56 INFO   Stream compare, word count 1397461583, error count 18
05-26-22 03:38:57 INFO   Stream compare, word count 1437545700, error count 18
05-26-22 03:38:58 INFO   Stream compare, word count 1477639787, error count 18
05-26-22 03:38:58 INFO   Stopping
05-26-22 03:38:58 INFO   Stream compare, word count 1486510242, error count 18
05-26-22 03:39:14 ERROR  RO Mismatches: {'ASIC': {'PLL_ALL': {'pll_read_bytes_4to3': (10, 14), 'pll_read_bytes_4to3_parallel_enable_intrA': (0, 1)}}}
05-26-22 03:39:14 DEBUG  RO Mismatches: {'ASIC': {}}
05-26-22 03:39:14 ERROR  RW Mismatches: {'AUTOENCODER_11INPUT': {'weights_byte112': ('0x0', '0x100000000000000000000'), 'weights_byte32': ('0x0', '0x8000000000000000000'), 'weights_byte96': ('0x0', '0x10000000000000000')}}
