01-01-70 00:19:35 INFO   Starting
01-01-70 00:19:48 INFO   Configuring stream compare
01-01-70 00:19:51 INFO   Stop continous acquire for lc-input
01-01-70 00:19:51 INFO   Stop continous acquire for lc-ASIC
01-01-70 00:19:51 INFO   Stop continous acquire for lc-emulator
01-01-70 00:19:51 INFO   Configure continous acquire
01-01-70 00:19:51 INFO   Starting stream compare (CTRL-C to stop and do capture and I2C compare)
01-01-70 00:19:51 INFO   Stream compare, word count 18424, error count 0
01-01-70 00:19:52 INFO   Stream compare, word count 40106950, error count 0
01-01-70 00:19:53 INFO   Stream compare, word count 80197629, error count 0
01-01-70 00:19:54 INFO   Stream compare, word count 120288829, error count 0
01-01-70 00:19:55 INFO   Stream compare, word count 160378808, error count 0
01-01-70 00:19:56 INFO   Stream compare, word count 200467447, error count 0
01-01-70 00:19:57 INFO   Stream compare, word count 240566145, error count 0
01-01-70 00:19:58 INFO   Stream compare, word count 280659538, error count 0
01-01-70 00:19:59 INFO   Stream compare, word count 320753529, error count 0
01-01-70 00:20:00 INFO   Stream compare, word count 360853915, error count 0
01-01-70 00:20:01 INFO   Stream compare, word count 400945003, error count 0
01-01-70 00:20:02 INFO   Stream compare, word count 441014614, error count 0
01-01-70 00:20:03 INFO   Stream compare, word count 481112399, error count 0
01-01-70 00:20:04 INFO   Stream compare, word count 521204963, error count 0
01-01-70 00:20:05 INFO   Stream compare, word count 561294871, error count 0
01-01-70 00:20:06 INFO   Stream compare, word count 601384731, error count 0
01-01-70 00:20:07 INFO   Stream compare, word count 641474114, error count 0
01-01-70 00:20:08 INFO   Stream compare, word count 681565248, error count 0
01-01-70 00:20:09 INFO   Stream compare, word count 721672590, error count 0
01-01-70 00:20:10 INFO   Stream compare, word count 761771248, error count 0
01-01-70 00:20:11 INFO   Stream compare, word count 801861615, error count 0
01-01-70 00:20:12 INFO   Stream compare, word count 841952989, error count 0
01-01-70 00:20:13 INFO   Stream compare, word count 882042792, error count 0
01-01-70 00:20:14 INFO   Stream compare, word count 922131969, error count 0
01-01-70 00:20:15 INFO   Stream compare, word count 962228542, error count 0
01-01-70 00:20:16 INFO   Stream compare, word count 1002297204, error count 0
01-01-70 00:20:17 INFO   Stream compare, word count 1042386848, error count 0
01-01-70 00:20:18 INFO   Stream compare, word count 1082457591, error count 0
01-01-70 00:20:19 INFO   Stream compare, word count 1122550624, error count 0
01-01-70 00:20:20 INFO   Stream compare, word count 1162646405, error count 0
01-01-70 00:20:21 INFO   Stream compare, word count 1202744401, error count 0
01-01-70 00:20:22 INFO   Stream compare, word count 1242839538, error count 0
01-01-70 00:20:23 INFO   Stream compare, word count 1282929984, error count 0
01-01-70 00:20:24 INFO   Stream compare, word count 1323023095, error count 0
01-01-70 00:20:25 INFO   Stream compare, word count 1363112905, error count 1
01-01-70 00:20:26 INFO   Stream compare, word count 1403201724, error count 1
01-01-70 00:20:27 INFO   Stream compare, word count 1443300177, error count 1
01-01-70 00:20:28 INFO   Stream compare, word count 1483392245, error count 1
01-01-70 00:20:29 INFO   Stream compare, word count 1523484434, error count 1
01-01-70 00:20:30 INFO   Stream compare, word count 1563579342, error count 2
01-01-70 00:20:31 INFO   Stream compare, word count 1603668853, error count 2
01-01-70 00:20:32 INFO   Stream compare, word count 1643760463, error count 2
01-01-70 00:20:33 INFO   Stream compare, word count 1683859775, error count 2
01-01-70 00:20:34 INFO   Stream compare, word count 1723958101, error count 2
01-01-70 00:20:35 INFO   Stream compare, word count 1764050823, error count 2
01-01-70 00:20:36 INFO   Stream compare, word count 1804141623, error count 2
01-01-70 00:20:37 INFO   Stream compare, word count 1844232904, error count 2
01-01-70 00:20:38 INFO   Stream compare, word count 1884324591, error count 2
01-01-70 00:20:39 INFO   Stream compare, word count 1924606253, error count 2
01-01-70 00:20:40 INFO   Stream compare, word count 1964704645, error count 2
01-01-70 00:20:41 INFO   Stream compare, word count 2004797815, error count 2
01-01-70 00:20:42 INFO   Stream compare, word count 2044891664, error count 2
01-01-70 00:20:43 INFO   Stream compare, word count 2084982678, error count 2
01-01-70 00:20:44 INFO   Stream compare, word count 2125087050, error count 2
01-01-70 00:20:45 INFO   Stream compare, word count 2165182039, error count 2
01-01-70 00:20:46 INFO   Stream compare, word count 2205271768, error count 2
01-01-70 00:20:47 INFO   Stream compare, word count 2245363856, error count 2
01-01-70 00:20:48 INFO   Stream compare, word count 2285453864, error count 2
01-01-70 00:20:49 INFO   Stream compare, word count 2325546481, error count 2
01-01-70 00:20:50 INFO   Stream compare, word count 2365652752, error count 2
01-01-70 00:20:51 INFO   Stream compare, word count 2405746330, error count 2
01-01-70 00:20:52 INFO   Stream compare, word count 2445823487, error count 2
01-01-70 00:20:53 INFO   Stream compare, word count 2485916368, error count 2
01-01-70 00:20:54 INFO   Stream compare, word count 2526005850, error count 2
01-01-70 00:20:55 INFO   Stream compare, word count 2566095894, error count 3
01-01-70 00:20:56 INFO   Stream compare, word count 2606198132, error count 3
01-01-70 00:20:57 INFO   Stream compare, word count 2646290406, error count 3
01-01-70 00:20:58 INFO   Stream compare, word count 2686385757, error count 3
01-01-70 00:20:59 INFO   Stream compare, word count 2726465143, error count 3
01-01-70 00:21:00 INFO   Stream compare, word count 2766560647, error count 3
01-01-70 00:21:01 INFO   Stream compare, word count 2806652366, error count 3
01-01-70 00:21:02 INFO   Stream compare, word count 2846756194, error count 3
01-01-70 00:21:03 INFO   Stream compare, word count 2886849387, error count 3
01-01-70 00:21:04 INFO   Stream compare, word count 2926940845, error count 3
01-01-70 00:21:05 INFO   Stream compare, word count 2967033910, error count 3
01-01-70 00:21:06 INFO   Stream compare, word count 3007123016, error count 3
01-01-70 00:21:07 INFO   Stream compare, word count 3047212557, error count 3
01-01-70 00:21:08 INFO   Stream compare, word count 3087312398, error count 3
01-01-70 00:21:09 INFO   Stream compare, word count 3127407726, error count 3
01-01-70 00:21:10 INFO   Stream compare, word count 3167504252, error count 3
01-01-70 00:21:11 INFO   Stream compare, word count 3207596737, error count 4
01-01-70 00:21:12 INFO   Stream compare, word count 3247689073, error count 4
01-01-70 00:21:13 INFO   Stream compare, word count 3287779496, error count 4
01-01-70 00:21:14 INFO   Stream compare, word count 3327877838, error count 4
01-01-70 00:21:15 INFO   Stream compare, word count 3367975143, error count 4
01-01-70 00:21:16 INFO   Stream compare, word count 3408065693, error count 4
01-01-70 00:21:17 INFO   Stream compare, word count 3448156443, error count 4
01-01-70 00:21:18 INFO   Stream compare, word count 3488247902, error count 4
01-01-70 00:21:19 INFO   Stream compare, word count 3528339282, error count 4
01-01-70 00:21:20 INFO   Stream compare, word count 3568445613, error count 4
01-01-70 00:21:21 INFO   Stream compare, word count 3608542327, error count 4
01-01-70 00:21:22 INFO   Stream compare, word count 3648635176, error count 5
01-01-70 00:21:23 INFO   Stream compare, word count 3688729526, error count 5
01-01-70 00:21:24 INFO   Stream compare, word count 3728831254, error count 6
01-01-70 00:21:25 INFO   Stream compare, word count 3768922933, error count 6
01-01-70 00:21:26 INFO   Stream compare, word count 3809022707, error count 6
01-01-70 00:21:27 INFO   Stream compare, word count 3849117318, error count 6
01-01-70 00:21:28 INFO   Stream compare, word count 3889207365, error count 6
01-01-70 00:21:29 INFO   Stream compare, word count 3929301525, error count 6
01-01-70 00:21:30 INFO   Stream compare, word count 3969400702, error count 6
01-01-70 00:21:31 INFO   Stream compare, word count 4009493088, error count 7
01-01-70 00:21:32 INFO   Stream compare, word count 4049785753, error count 7
01-01-70 00:21:33 INFO   Stream compare, word count 4089882573, error count 7
01-01-70 00:21:34 INFO   Stream compare, word count 4129975734, error count 7
01-01-70 00:21:35 INFO   Stream compare, word count 4170067083, error count 7
01-01-70 00:21:36 INFO   Stream compare, word count 4210159268, error count 7
01-01-70 00:21:37 INFO   Stream compare, word count 4250256714, error count 7
01-01-70 00:21:38 INFO   Stream compare, word count 4290349954, error count 7
01-01-70 00:21:39 INFO   Stream compare, word count 35476010, error count 7
01-01-70 00:21:40 INFO   Stream compare, word count 75573085, error count 7
01-01-70 00:21:41 INFO   Stream compare, word count 115664828, error count 7
01-01-70 00:21:42 INFO   Stream compare, word count 155759341, error count 7
01-01-70 00:21:43 INFO   Stream compare, word count 195857124, error count 8
01-01-70 00:21:44 INFO   Stream compare, word count 235949952, error count 8
01-01-70 00:21:45 INFO   Stream compare, word count 276043627, error count 8
01-01-70 00:21:46 INFO   Stream compare, word count 316136419, error count 8
01-01-70 00:21:47 INFO   Stream compare, word count 356231235, error count 8
01-01-70 00:21:48 INFO   Stream compare, word count 396332440, error count 8
01-01-70 00:21:49 INFO   Stream compare, word count 436435448, error count 8
01-01-70 00:21:50 INFO   Stream compare, word count 476535001, error count 8
01-01-70 00:21:51 INFO   Stream compare, word count 516629871, error count 8
01-01-70 00:21:52 INFO   Stream compare, word count 556722739, error count 8
01-01-70 00:21:53 INFO   Stream compare, word count 596813109, error count 8
01-01-70 00:21:54 INFO   Stream compare, word count 636904286, error count 8
01-01-70 00:21:55 INFO   Stream compare, word count 677002872, error count 8
01-01-70 00:21:56 INFO   Stream compare, word count 717095848, error count 8
01-01-70 00:21:57 INFO   Stream compare, word count 757191134, error count 9
01-01-70 00:21:58 INFO   Stream compare, word count 797280330, error count 10
01-01-70 00:21:59 INFO   Stream compare, word count 837373614, error count 10
01-01-70 00:22:00 INFO   Stream compare, word count 877474438, error count 10
01-01-70 00:22:01 INFO   Stream compare, word count 917573985, error count 10
01-01-70 00:22:02 INFO   Stream compare, word count 957669380, error count 10
01-01-70 00:22:03 INFO   Stream compare, word count 997760144, error count 10
01-01-70 00:22:04 INFO   Stream compare, word count 1037852055, error count 11
01-01-70 00:22:05 INFO   Stream compare, word count 1077942227, error count 11
01-01-70 00:22:06 INFO   Stream compare, word count 1118031960, error count 11
01-01-70 00:22:07 INFO   Stream compare, word count 1158132322, error count 12
01-01-70 00:22:08 INFO   Stream compare, word count 1198225013, error count 12
01-01-70 00:22:09 INFO   Stream compare, word count 1238317711, error count 12
01-01-70 00:22:10 INFO   Stream compare, word count 1278415206, error count 12
01-01-70 00:22:11 INFO   Stream compare, word count 1318505951, error count 12
01-01-70 00:22:12 INFO   Stream compare, word count 1358603056, error count 12
01-01-70 00:22:13 INFO   Stream compare, word count 1398711519, error count 12
01-01-70 00:22:14 INFO   Stream compare, word count 1438803918, error count 13
01-01-70 00:22:15 INFO   Stream compare, word count 1478867202, error count 13
01-01-70 00:22:16 INFO   Stream compare, word count 1518958401, error count 13
01-01-70 00:22:17 INFO   Stream compare, word count 1559049970, error count 13
01-01-70 00:22:18 INFO   Stream compare, word count 1599138979, error count 13
01-01-70 00:22:19 INFO   Stream compare, word count 1639237451, error count 13
01-01-70 00:22:20 INFO   Stream compare, word count 1679334872, error count 13
01-01-70 00:22:21 INFO   Stream compare, word count 1719426525, error count 13
01-01-70 00:22:22 INFO   Stream compare, word count 1759508035, error count 13
01-01-70 00:22:23 INFO   Stream compare, word count 1799596538, error count 13
01-01-70 00:22:24 INFO   Stream compare, word count 1839687328, error count 13
01-01-70 00:22:25 INFO   Stream compare, word count 1879784866, error count 13
01-01-70 00:22:26 INFO   Stream compare, word count 1919877142, error count 13
01-01-70 00:22:27 INFO   Stream compare, word count 1959968252, error count 13
01-01-70 00:22:28 INFO   Stream compare, word count 2000057761, error count 13
01-01-70 00:22:29 INFO   Stream compare, word count 2040149607, error count 13
01-01-70 00:22:30 INFO   Stream compare, word count 2080245084, error count 13
01-01-70 00:22:31 INFO   Stream compare, word count 2120342776, error count 13
01-01-70 00:22:32 INFO   Stream compare, word count 2160437187, error count 13
01-01-70 00:22:33 INFO   Stream compare, word count 2200528632, error count 14
01-01-70 00:22:34 INFO   Stream compare, word count 2240620837, error count 14
01-01-70 00:22:35 INFO   Stream compare, word count 2280710528, error count 14
01-01-70 00:22:36 INFO   Stream compare, word count 2320799495, error count 14
01-01-70 00:22:37 INFO   Stream compare, word count 2360896484, error count 14
01-01-70 00:22:38 INFO   Stream compare, word count 2400988045, error count 14
01-01-70 00:22:39 INFO   Stream compare, word count 2441078889, error count 14
01-01-70 00:22:40 INFO   Stream compare, word count 2481175265, error count 14
01-01-70 00:22:41 INFO   Stream compare, word count 2521266577, error count 14
01-01-70 00:22:42 INFO   Stream compare, word count 2561357754, error count 14
01-01-70 00:22:43 INFO   Stream compare, word count 2601454359, error count 14
01-01-70 00:22:44 INFO   Stream compare, word count 2641545720, error count 16
01-01-70 00:22:45 INFO   Stream compare, word count 2681637521, error count 16
01-01-70 00:22:46 INFO   Stream compare, word count 2721726207, error count 16
01-01-70 00:22:47 INFO   Stream compare, word count 2761817438, error count 16
01-01-70 00:22:48 INFO   Stream compare, word count 2801905913, error count 17
01-01-70 00:22:49 INFO   Stream compare, word count 2842006673, error count 17
01-01-70 00:22:50 INFO   Stream compare, word count 2882103420, error count 17
01-01-70 00:22:51 INFO   Stream compare, word count 2922193742, error count 17
01-01-70 00:22:52 INFO   Stream compare, word count 2962289679, error count 17
01-01-70 00:22:53 INFO   Stream compare, word count 3002379339, error count 19
01-01-70 00:22:54 INFO   Stream compare, word count 3042469429, error count 19
01-01-70 00:22:55 INFO   Stream compare, word count 3082566334, error count 19
01-01-70 00:22:56 INFO   Stream compare, word count 3122657544, error count 19
01-01-70 00:22:57 INFO   Stream compare, word count 3162747691, error count 19
01-01-70 00:22:58 INFO   Stream compare, word count 3202836183, error count 19
01-01-70 00:22:59 INFO   Stream compare, word count 3242931234, error count 19
01-01-70 00:23:00 INFO   Stream compare, word count 3283032240, error count 19
01-01-70 00:23:01 INFO   Stream compare, word count 3323132896, error count 19
01-01-70 00:23:02 INFO   Stream compare, word count 3363228492, error count 19
01-01-70 00:23:03 INFO   Stream compare, word count 3403320306, error count 19
01-01-70 00:23:04 INFO   Stream compare, word count 3443412344, error count 19
01-01-70 00:23:05 INFO   Stream compare, word count 3483501990, error count 19
01-01-70 00:23:06 INFO   Stream compare, word count 3523591879, error count 19
01-01-70 00:23:07 INFO   Stream compare, word count 3563689089, error count 19
01-01-70 00:23:08 INFO   Stream compare, word count 3603781251, error count 19
01-01-70 00:23:09 INFO   Stream compare, word count 3643872767, error count 19
01-01-70 00:23:10 INFO   Stream compare, word count 3683968868, error count 19
01-01-70 00:23:11 INFO   Stream compare, word count 3724059355, error count 20
01-01-70 00:23:12 INFO   Stream compare, word count 3764151875, error count 20
01-01-70 00:23:13 INFO   Stream compare, word count 3804249109, error count 21
01-01-70 00:23:14 INFO   Stream compare, word count 3844340754, error count 21
01-01-70 00:23:15 INFO   Stream compare, word count 3884429354, error count 21
01-01-70 00:23:16 INFO   Stream compare, word count 3924520000, error count 21
01-01-70 00:23:17 INFO   Stream compare, word count 3964611172, error count 21
01-01-70 00:23:18 INFO   Stream compare, word count 4004700563, error count 21
01-01-70 00:23:19 INFO   Stream compare, word count 4044799503, error count 22
01-01-70 00:23:20 INFO   Stream compare, word count 4084897118, error count 22
01-01-70 00:23:21 INFO   Stream compare, word count 4124956741, error count 22
01-01-70 00:23:22 INFO   Stream compare, word count 4165050624, error count 22
01-01-70 00:23:23 INFO   Stream compare, word count 4205142806, error count 22
01-01-70 00:23:24 INFO   Stream compare, word count 4245231760, error count 22
01-01-70 00:23:25 INFO   Stream compare, word count 4285331021, error count 22
01-01-70 00:23:26 INFO   Stream compare, word count 30455510, error count 22
01-01-70 00:23:27 INFO   Stream compare, word count 70545431, error count 22
01-01-70 00:23:28 INFO   Stream compare, word count 110636131, error count 22
01-01-70 00:23:29 INFO   Stream compare, word count 150727560, error count 23
01-01-70 00:23:30 INFO   Stream compare, word count 190824484, error count 23
01-01-70 00:23:31 INFO   Stream compare, word count 230922014, error count 23
01-01-70 00:23:32 INFO   Stream compare, word count 271020049, error count 23
01-01-70 00:23:33 INFO   Stream compare, word count 311115792, error count 24
01-01-70 00:23:34 INFO   Stream compare, word count 351206588, error count 24
01-01-70 00:23:35 INFO   Stream compare, word count 391273881, error count 24
01-01-70 00:23:36 INFO   Stream compare, word count 431364860, error count 24
01-01-70 00:23:37 INFO   Stream compare, word count 471462327, error count 24
01-01-70 00:23:38 INFO   Stream compare, word count 511555538, error count 24
01-01-70 00:23:39 INFO   Stream compare, word count 551647103, error count 24
01-01-70 00:23:40 INFO   Stream compare, word count 591742367, error count 24
01-01-70 00:23:41 INFO   Stream compare, word count 631834720, error count 24
01-01-70 00:23:42 INFO   Stream compare, word count 671925928, error count 24
01-01-70 00:23:43 INFO   Stream compare, word count 712023483, error count 24
01-01-70 00:23:44 INFO   Stream compare, word count 752116231, error count 24
01-01-70 00:23:45 INFO   Stream compare, word count 792207505, error count 24
01-01-70 00:23:46 INFO   Stream compare, word count 832296278, error count 24
01-01-70 00:23:47 INFO   Stream compare, word count 872384948, error count 24
01-01-70 00:23:48 INFO   Stream compare, word count 912474725, error count 25
01-01-70 00:23:49 INFO   Stream compare, word count 952575295, error count 25
01-01-70 00:23:50 INFO   Stream compare, word count 992674203, error count 25
01-01-70 00:23:51 INFO   Stream compare, word count 1032764357, error count 25
01-01-70 00:23:52 INFO   Stream compare, word count 1072856202, error count 25
01-01-70 00:23:53 INFO   Stream compare, word count 1112949120, error count 25
01-01-70 00:23:54 INFO   Stream compare, word count 1153039916, error count 25
01-01-70 00:23:55 INFO   Stream compare, word count 1193135958, error count 25
01-01-70 00:23:56 INFO   Stream compare, word count 1233227862, error count 26
01-01-70 00:23:57 INFO   Stream compare, word count 1273316943, error count 26
01-01-70 00:23:58 INFO   Stream compare, word count 1313406261, error count 26
01-01-70 00:23:59 INFO   Stream compare, word count 1353499096, error count 26
01-01-70 00:24:00 INFO   Stream compare, word count 1393599305, error count 26
01-01-70 00:24:01 INFO   Stream compare, word count 1433698448, error count 26
01-01-70 00:24:02 INFO   Stream compare, word count 1473794002, error count 26
01-01-70 00:24:03 INFO   Stream compare, word count 1513883958, error count 26
01-01-70 00:24:04 INFO   Stream compare, word count 1553974741, error count 26
01-01-70 00:24:05 INFO   Stream compare, word count 1594064350, error count 26
01-01-70 00:24:06 INFO   Stream compare, word count 1634155320, error count 26
01-01-70 00:24:07 INFO   Stream compare, word count 1674252080, error count 26
01-01-70 00:24:08 INFO   Stream compare, word count 1714316993, error count 26
01-01-70 00:24:09 INFO   Stream compare, word count 1754408525, error count 26
01-01-70 00:24:10 INFO   Stopping
01-01-70 00:24:10 INFO   Stream compare, word count 1774511781, error count 26
01-01-70 00:24:28 ERROR  RO Mismatches: {'ASIC': {'PLL_ALL': {'pll_read_bytes_4to3': (8, 15), 'pll_read_bytes_4to3_parallel_enable_intrA': (0, 1), 'pll_read_bytes_4to3_parallel_enable_intrB': (0, 1), 'pll_read_bytes_4to3_parallel_enable_intrC': (0, 1)}}}
01-01-70 00:24:28 DEBUG  RO Mismatches: {'ASIC': {}}
01-01-70 00:24:28 ERROR  RW Mismatches: {'AUTOENCODER_11INPUT': {'weights_byte112': ('0x0', '0x80000000000')}}
